2020-07-06T02:26:47.767Z INFO action: "SELECT 1+1 AS result" 
2020-07-06T02:26:47.769Z INFO action: "SELECT name FROM `sqlite_master` WHERE type='table' and name!='sqlite_sequence';" 
2020-07-06T02:26:47.774Z INFO action: "CREATE TABLE IF NOT EXISTS `SequelizeMeta` (`name` VARCHAR(255) NOT NULL UNIQUE PRIMARY KEY);" 
2020-07-06T02:26:47.780Z INFO action: "PRAGMA INDEX_LIST(`SequelizeMeta`)" 
2020-07-06T02:26:47.781Z INFO action: "PRAGMA INDEX_INFO(`sqlite_autoindex_SequelizeMeta_1`)" 
2020-07-06T02:26:47.784Z INFO action: "SELECT `name` FROM `SequelizeMeta` AS `SequelizeMeta` ORDER BY `SequelizeMeta`.`name` ASC;" 
2020-07-06T02:26:47.786Z INFO action: "CREATE TABLE IF NOT EXISTS `SequelizeMeta` (`name` VARCHAR(255) NOT NULL UNIQUE PRIMARY KEY);" 
2020-07-06T02:26:47.786Z INFO action: "PRAGMA INDEX_LIST(`SequelizeMeta`)" 
2020-07-06T02:26:47.786Z INFO action: "PRAGMA INDEX_INFO(`sqlite_autoindex_SequelizeMeta_1`)" 
2020-07-06T02:26:47.787Z INFO action: "SELECT `name` FROM `SequelizeMeta` AS `SequelizeMeta` ORDER BY `SequelizeMeta`.`name` ASC;" 
2020-07-06T02:26:47.789Z INFO action: "CREATE TABLE IF NOT EXISTS `SequelizeMeta` (`name` VARCHAR(255) NOT NULL UNIQUE PRIMARY KEY);" 
2020-07-06T02:26:47.790Z INFO action: "PRAGMA INDEX_LIST(`SequelizeMeta`)" 
2020-07-06T02:26:47.790Z INFO action: "PRAGMA INDEX_INFO(`sqlite_autoindex_SequelizeMeta_1`)" 
2020-07-06T02:26:47.791Z INFO action: "SELECT `name` FROM `SequelizeMeta` AS `SequelizeMeta` ORDER BY `SequelizeMeta`.`name` ASC;" 
2020-07-06T02:26:47.794Z INFO action: "CREATE TABLE IF NOT EXISTS `users` (`id` UUID NOT NULL PRIMARY KEY, `name` VARCHAR(255) NOT NULL, `email` VARCHAR(255) NOT NULL UNIQUE, `passwordHash` VARCHAR(255) NOT NULL, `createdAt` DATETIME NOT NULL, `updatedAt` DATETIME NOT NULL);" 
2020-07-06T02:26:47.798Z INFO action: "CREATE TABLE IF NOT EXISTS `SequelizeMeta` (`name` VARCHAR(255) NOT NULL UNIQUE PRIMARY KEY);" 
2020-07-06T02:26:47.798Z INFO action: "PRAGMA INDEX_LIST(`SequelizeMeta`)" 
2020-07-06T02:26:47.799Z INFO action: "PRAGMA INDEX_INFO(`sqlite_autoindex_SequelizeMeta_1`)" 
2020-07-06T02:26:47.802Z INFO action: "INSERT INTO `SequelizeMeta` (`name`) VALUES ($1);" binds: ["20200703033356-update-users.js"]
2020-07-06T02:27:11.883Z INFO action: "SELECT 1+1 AS result" 
2020-07-06T02:27:11.886Z INFO action: "SELECT name FROM `sqlite_master` WHERE type='table' and name!='sqlite_sequence';" 
2020-07-06T02:27:11.887Z INFO action: "PRAGMA TABLE_INFO(`SequelizeMeta`);" 
2020-07-06T02:27:11.887Z INFO action: "PRAGMA INDEX_LIST(`SequelizeMeta`)" 
2020-07-06T02:27:11.888Z INFO action: "PRAGMA INDEX_INFO(`sqlite_autoindex_SequelizeMeta_1`)" 
2020-07-06T02:27:11.888Z INFO action: "PRAGMA foreign_key_list(SequelizeMeta)" 
2020-07-06T02:27:11.892Z INFO action: "CREATE TABLE IF NOT EXISTS `SequelizeMeta` (`name` VARCHAR(255) NOT NULL UNIQUE PRIMARY KEY);" 
2020-07-06T02:27:11.893Z INFO action: "PRAGMA INDEX_LIST(`SequelizeMeta`)" 
2020-07-06T02:27:11.893Z INFO action: "PRAGMA INDEX_INFO(`sqlite_autoindex_SequelizeMeta_1`)" 
2020-07-06T02:27:11.896Z INFO action: "SELECT `name` FROM `SequelizeMeta` AS `SequelizeMeta` ORDER BY `SequelizeMeta`.`name` ASC;" 
2020-07-06T02:27:26.767Z INFO action: "SELECT 1+1 AS result" 
2020-07-06T02:27:26.770Z INFO action: "SELECT name FROM `sqlite_master` WHERE type='table' and name!='sqlite_sequence';" 
2020-07-06T02:27:26.771Z INFO action: "PRAGMA TABLE_INFO(`SequelizeMeta`);" 
2020-07-06T02:27:26.772Z INFO action: "PRAGMA INDEX_LIST(`SequelizeMeta`)" 
2020-07-06T02:27:26.772Z INFO action: "PRAGMA INDEX_INFO(`sqlite_autoindex_SequelizeMeta_1`)" 
2020-07-06T02:27:26.772Z INFO action: "PRAGMA foreign_key_list(SequelizeMeta)" 
2020-07-06T02:27:26.777Z INFO action: "CREATE TABLE IF NOT EXISTS `SequelizeMeta` (`name` VARCHAR(255) NOT NULL UNIQUE PRIMARY KEY);" 
2020-07-06T02:27:26.778Z INFO action: "PRAGMA INDEX_LIST(`SequelizeMeta`)" 
2020-07-06T02:27:26.778Z INFO action: "PRAGMA INDEX_INFO(`sqlite_autoindex_SequelizeMeta_1`)" 
2020-07-06T02:27:26.781Z INFO action: "SELECT `name` FROM `SequelizeMeta` AS `SequelizeMeta` ORDER BY `SequelizeMeta`.`name` ASC;" 
2020-07-06T02:28:04.461Z INFO action: "SELECT 1+1 AS result" 
2020-07-06T02:28:04.464Z INFO action: "SELECT name FROM `sqlite_master` WHERE type='table' and name!='sqlite_sequence';" 
2020-07-06T02:28:04.465Z INFO action: "PRAGMA TABLE_INFO(`SequelizeMeta`);" 
2020-07-06T02:28:04.465Z INFO action: "PRAGMA INDEX_LIST(`SequelizeMeta`)" 
2020-07-06T02:28:04.465Z INFO action: "PRAGMA INDEX_INFO(`sqlite_autoindex_SequelizeMeta_1`)" 
2020-07-06T02:28:04.466Z INFO action: "PRAGMA foreign_key_list(SequelizeMeta)" 
2020-07-06T02:28:04.470Z INFO action: "CREATE TABLE IF NOT EXISTS `SequelizeMeta` (`name` VARCHAR(255) NOT NULL UNIQUE PRIMARY KEY);" 
2020-07-06T02:28:04.471Z INFO action: "PRAGMA INDEX_LIST(`SequelizeMeta`)" 
2020-07-06T02:28:04.471Z INFO action: "PRAGMA INDEX_INFO(`sqlite_autoindex_SequelizeMeta_1`)" 
2020-07-06T02:28:04.474Z INFO action: "SELECT `name` FROM `SequelizeMeta` AS `SequelizeMeta` ORDER BY `SequelizeMeta`.`name` ASC;" 
2020-07-06T02:28:23.621Z INFO action: "SELECT 1+1 AS result" 
2020-07-06T02:28:23.623Z INFO action: "SELECT name FROM `sqlite_master` WHERE type='table' and name!='sqlite_sequence';" 
2020-07-06T02:28:23.624Z INFO action: "PRAGMA TABLE_INFO(`SequelizeMeta`);" 
2020-07-06T02:28:23.624Z INFO action: "PRAGMA INDEX_LIST(`SequelizeMeta`)" 
2020-07-06T02:28:23.625Z INFO action: "PRAGMA INDEX_INFO(`sqlite_autoindex_SequelizeMeta_1`)" 
2020-07-06T02:28:23.625Z INFO action: "PRAGMA foreign_key_list(SequelizeMeta)" 
2020-07-06T02:28:23.630Z INFO action: "CREATE TABLE IF NOT EXISTS `SequelizeMeta` (`name` VARCHAR(255) NOT NULL UNIQUE PRIMARY KEY);" 
2020-07-06T02:28:23.630Z INFO action: "PRAGMA INDEX_LIST(`SequelizeMeta`)" 
2020-07-06T02:28:23.630Z INFO action: "PRAGMA INDEX_INFO(`sqlite_autoindex_SequelizeMeta_1`)" 
2020-07-06T02:28:23.633Z INFO action: "SELECT `name` FROM `SequelizeMeta` AS `SequelizeMeta` ORDER BY `SequelizeMeta`.`name` ASC;" 
2020-07-06T02:28:27.006Z INFO action: "DELETE FROM `Users`" 
2020-07-06T02:28:27.054Z INFO action: "INSERT INTO `Users` (`id`,`name`,`email`,`passwordHash`,`createdAt`,`updatedAt`) VALUES ($1,$2,$3,$4,$5,$6);" binds: ["5f85c880-bf30-11ea-93f3-0369f2b3c17b","Angelica Bechtelar","Alfonso44@hotmail.com","$2a$08$zI6uoMxJ0CQfxVhk9I.yrOh/nK97d7Px3qsiScdaTz7EG9LrkSJUe","2020-07-06 02:28:27.018 +00:00","2020-07-06 02:28:27.018 +00:00"]
2020-07-06T02:28:27.058Z INFO action: "DELETE FROM `Users`" 
2020-07-06T02:28:27.082Z INFO action: "DELETE FROM `Users`" 
2020-07-06T02:28:27.105Z INFO action: "INSERT INTO `Users` (`id`,`name`,`email`,`passwordHash`,`createdAt`,`updatedAt`) VALUES ($1,$2,$3,$4,$5,$6);" binds: ["5f9076e0-bf30-11ea-93f3-0369f2b3c17b","Jermey Hilll","Norene_Quigley@yahoo.com","$2a$08$MpfzDzGVynaITlMzzF5tcuchU1.M0oYA77U./A70FMsVB9B/M8jBu","2020-07-06 02:28:27.086 +00:00","2020-07-06 02:28:27.086 +00:00"]
2020-07-06T02:28:27.109Z INFO action: "INSERT INTO `Users` (`id`,`name`,`email`,`passwordHash`,`createdAt`,`updatedAt`) VALUES ($1,$2,$3,$4,$5,$6);" binds: ["5f8d90b0-bf30-11ea-9659-a7cf36a5458a","Keon Schoen","Alfredo.Dare@gmail.com","$2a$08$vMnTpDy5uindl5/uxAtl3.J5i4dOw5ParJrnUcd4ughE8Liacsgmu","2020-07-06 02:28:27.069 +00:00","2020-07-06 02:28:27.069 +00:00"]
2020-07-06T02:28:27.138Z INFO action: "SELECT `id`, `name`, `email`, `passwordHash`, `createdAt`, `updatedAt` FROM `Users` AS `User` WHERE `User`.`email` = 'Alfredo.Dare@gmail.com' LIMIT 1;" 
2020-07-06T02:28:27.166Z INFO action: "DELETE FROM `Users`" 
2020-07-06T02:28:27.193Z INFO action: "INSERT INTO `Users` (`id`,`name`,`email`,`passwordHash`,`createdAt`,`updatedAt`) VALUES ($1,$2,$3,$4,$5,$6);" binds: ["5f9d6f30-bf30-11ea-9659-a7cf36a5458a","Keon Schoen","Alfredo.Dare@gmail.com","$2a$08$KxPmEny8GaIqSL.EZE.90ujMYc6nNRxqoe0DWCzfg3t8F2zGS5OCm","2020-07-06 02:28:27.172 +00:00","2020-07-06 02:28:27.172 +00:00"]
2020-07-06T02:28:27.203Z INFO action: "SELECT `id`, `name`, `email`, `passwordHash`, `createdAt`, `updatedAt` FROM `Users` AS `User` WHERE `User`.`email` = 'Alfredo.Dare@gmail.com' LIMIT 1;" 
2020-07-06T02:28:27.223Z INFO action: "DELETE FROM `Users`" 
2020-07-06T02:28:27.245Z INFO action: "INSERT INTO `Users` (`id`,`name`,`email`,`passwordHash`,`createdAt`,`updatedAt`) VALUES ($1,$2,$3,$4,$5,$6);" binds: ["5fa621c0-bf30-11ea-9659-a7cf36a5458a","Keon Schoen","Alfredo.Dare@gmail.com","$2a$08$EikOzlOukU/xNDwY2afCtuWNnuEzf3uTYO6eUoAyChiBnRvE6BfMm","2020-07-06 02:28:27.228 +00:00","2020-07-06 02:28:27.228 +00:00"]
2020-07-06T02:28:27.254Z INFO action: "SELECT `id`, `name`, `email`, `passwordHash`, `createdAt`, `updatedAt` FROM `Users` AS `User` WHERE `User`.`email` = 'Alfredo.Dare@gmail.com' LIMIT 1;" 
2020-07-06T02:28:27.274Z INFO action: "DELETE FROM `Users`" 
2020-07-06T02:28:27.299Z INFO action: "INSERT INTO `Users` (`id`,`name`,`email`,`passwordHash`,`createdAt`,`updatedAt`) VALUES ($1,$2,$3,$4,$5,$6);" binds: ["5fade9f0-bf30-11ea-9659-a7cf36a5458a","Keon Schoen","Alfredo.Dare@gmail.com","$2a$08$PsrVlkFs8mqVtdeIn/nPi.kJZHiIy.4Gf3IfXE3n0PUuCZ54KkrJe","2020-07-06 02:28:27.280 +00:00","2020-07-06 02:28:27.280 +00:00"]
2020-07-06T02:28:27.309Z INFO action: "DELETE FROM `Users`" 
2020-07-06T02:28:27.318Z INFO action: "DELETE FROM `Users`" 
2020-07-06T02:29:04.921Z INFO action: "SELECT 1+1 AS result" 
2020-07-06T02:29:04.923Z INFO action: "SELECT name FROM `sqlite_master` WHERE type='table' and name!='sqlite_sequence';" 
2020-07-06T02:29:04.924Z INFO action: "PRAGMA TABLE_INFO(`SequelizeMeta`);" 
2020-07-06T02:29:04.925Z INFO action: "PRAGMA INDEX_LIST(`SequelizeMeta`)" 
2020-07-06T02:29:04.925Z INFO action: "PRAGMA INDEX_INFO(`sqlite_autoindex_SequelizeMeta_1`)" 
2020-07-06T02:29:04.926Z INFO action: "PRAGMA foreign_key_list(SequelizeMeta)" 
2020-07-06T02:29:04.930Z INFO action: "CREATE TABLE IF NOT EXISTS `SequelizeMeta` (`name` VARCHAR(255) NOT NULL UNIQUE PRIMARY KEY);" 
2020-07-06T02:29:04.930Z INFO action: "PRAGMA INDEX_LIST(`SequelizeMeta`)" 
2020-07-06T02:29:04.931Z INFO action: "PRAGMA INDEX_INFO(`sqlite_autoindex_SequelizeMeta_1`)" 
2020-07-06T02:29:04.933Z INFO action: "SELECT `name` FROM `SequelizeMeta` AS `SequelizeMeta` ORDER BY `SequelizeMeta`.`name` ASC;" 
2020-07-06T02:29:08.098Z INFO action: "DELETE FROM `Users`" 
2020-07-06T02:29:08.148Z INFO action: "INSERT INTO `Users` (`id`,`name`,`email`,`passwordHash`,`createdAt`,`updatedAt`) VALUES ($1,$2,$3,$4,$5,$6);" binds: ["780413d0-bf30-11ea-b12b-3b1f34ccf78a","Joel Wiza","Ofelia_McClure@yahoo.com","$2a$08$7Vd6DILR.hW3nwslm8wyOu8W7C0OA48jfH0vF6FUWZWQUxFigfv6q","2020-07-06 02:29:08.110 +00:00","2020-07-06 02:29:08.110 +00:00"]
2020-07-06T02:29:08.178Z INFO action: "SELECT `id`, `name`, `email`, `passwordHash`, `createdAt`, `updatedAt` FROM `Users` AS `User` WHERE `User`.`email` = 'Ofelia_McClure@yahoo.com' LIMIT 1;" 
2020-07-06T02:29:08.206Z INFO action: "DELETE FROM `Users`" 
2020-07-06T02:29:08.234Z INFO action: "INSERT INTO `Users` (`id`,`name`,`email`,`passwordHash`,`createdAt`,`updatedAt`) VALUES ($1,$2,$3,$4,$5,$6);" binds: ["7813cb40-bf30-11ea-b12b-3b1f34ccf78a","Joel Wiza","Ofelia_McClure@yahoo.com","$2a$08$B/QFRxkIF84gkIp/FQoJ4eEDM7ClyYJxbQiaBgOrU1pa2mXp0bgam","2020-07-06 02:29:08.213 +00:00","2020-07-06 02:29:08.213 +00:00"]
2020-07-06T02:29:08.246Z INFO action: "SELECT `id`, `name`, `email`, `passwordHash`, `createdAt`, `updatedAt` FROM `Users` AS `User` WHERE `User`.`email` = 'Ofelia_McClure@yahoo.com' LIMIT 1;" 
2020-07-06T02:29:08.266Z INFO action: "DELETE FROM `Users`" 
2020-07-06T02:29:08.288Z INFO action: "INSERT INTO `Users` (`id`,`name`,`email`,`passwordHash`,`createdAt`,`updatedAt`) VALUES ($1,$2,$3,$4,$5,$6);" binds: ["781ca4e0-bf30-11ea-b12b-3b1f34ccf78a","Joel Wiza","Ofelia_McClure@yahoo.com","$2a$08$8GTVaRyAskhKA0BeUjhTzuNln2qYFqISYlU45HseFkyEYp0Y.K7ku","2020-07-06 02:29:08.270 +00:00","2020-07-06 02:29:08.270 +00:00"]
2020-07-06T02:29:08.296Z INFO action: "SELECT `id`, `name`, `email`, `passwordHash`, `createdAt`, `updatedAt` FROM `Users` AS `User` WHERE `User`.`email` = 'Ofelia_McClure@yahoo.com' LIMIT 1;" 
2020-07-06T02:29:08.316Z INFO action: "DELETE FROM `Users`" 
2020-07-06T02:29:08.340Z INFO action: "INSERT INTO `Users` (`id`,`name`,`email`,`passwordHash`,`createdAt`,`updatedAt`) VALUES ($1,$2,$3,$4,$5,$6);" binds: ["78244600-bf30-11ea-b12b-3b1f34ccf78a","Joel Wiza","Ofelia_McClure@yahoo.com","$2a$08$OC626swArXB2/Z2Y388s.eKTMpSIPxwl1IHU5JWZ/zD8aR9vUZRfi","2020-07-06 02:29:08.321 +00:00","2020-07-06 02:29:08.321 +00:00"]
2020-07-06T02:29:08.350Z INFO action: "DELETE FROM `Users`" 
2020-07-06T02:29:08.357Z INFO action: "DELETE FROM `Users`" 
2020-07-06T02:29:08.367Z INFO action: "DELETE FROM `Users`" 
2020-07-06T02:29:08.417Z INFO action: "INSERT INTO `Users` (`id`,`name`,`email`,`passwordHash`,`createdAt`,`updatedAt`) VALUES ($1,$2,$3,$4,$5,$6);" binds: ["782cf890-bf30-11ea-adcd-cdb83978b50f","Mia Klein","Kallie_Steuber53@gmail.com","$2a$08$Ccv/SXRMf/OO7xMXGcgvheDCYxYW/VsxR1WNePwf8N6kPAcr57DDO","2020-07-06 02:29:08.379 +00:00","2020-07-06 02:29:08.379 +00:00"]
2020-07-06T02:29:08.442Z INFO action: "DELETE FROM `Users`" 
2020-07-06T02:29:08.466Z INFO action: "INSERT INTO `Users` (`id`,`name`,`email`,`passwordHash`,`createdAt`,`updatedAt`) VALUES ($1,$2,$3,$4,$5,$6);" binds: ["78377fe0-bf30-11ea-adcd-cdb83978b50f","Pasquale Hagenes","Miracle_Mante60@hotmail.com","$2a$08$JWjtFYAiLw.LkBkaWxig5.AiHDEorNDQYYLA.b3L7qtVexHXKHOvG","2020-07-06 02:29:08.446 +00:00","2020-07-06 02:29:08.446 +00:00"]
2020-07-06T02:31:31.607Z INFO action: "SELECT 1+1 AS result" 
2020-07-06T02:31:31.610Z INFO action: "SELECT name FROM `sqlite_master` WHERE type='table' and name!='sqlite_sequence';" 
2020-07-06T02:31:31.611Z INFO action: "PRAGMA TABLE_INFO(`SequelizeMeta`);" 
2020-07-06T02:31:31.611Z INFO action: "PRAGMA INDEX_LIST(`SequelizeMeta`)" 
2020-07-06T02:31:31.612Z INFO action: "PRAGMA INDEX_INFO(`sqlite_autoindex_SequelizeMeta_1`)" 
2020-07-06T02:31:31.612Z INFO action: "PRAGMA foreign_key_list(SequelizeMeta)" 
2020-07-06T02:31:31.617Z INFO action: "CREATE TABLE IF NOT EXISTS `SequelizeMeta` (`name` VARCHAR(255) NOT NULL UNIQUE PRIMARY KEY);" 
2020-07-06T02:31:31.617Z INFO action: "PRAGMA INDEX_LIST(`SequelizeMeta`)" 
2020-07-06T02:31:31.617Z INFO action: "PRAGMA INDEX_INFO(`sqlite_autoindex_SequelizeMeta_1`)" 
2020-07-06T02:31:31.620Z INFO action: "SELECT `name` FROM `SequelizeMeta` AS `SequelizeMeta` ORDER BY `SequelizeMeta`.`name` ASC;" 
2020-07-06T02:31:34.989Z INFO action: "DELETE FROM `Users`" 
2020-07-06T02:31:35.038Z INFO action: "INSERT INTO `Users` (`id`,`name`,`email`,`passwordHash`,`createdAt`,`updatedAt`) VALUES ($1,$2,$3,$4,$5,$6);" binds: ["cf91dd80-bf30-11ea-8497-93545267ba85","Maye Krajcik","Reynold_Heidenreich@gmail.com","$2a$08$nztzINCP92sA8X6XrDTX5ekDALLf7sWFlajttHmI61m4SOkTGjVxG","2020-07-06 02:31:35.002 +00:00","2020-07-06 02:31:35.002 +00:00"]
2020-07-06T02:31:35.055Z INFO action: "DELETE FROM `Users`" 
2020-07-06T02:31:35.068Z INFO action: "SELECT `id`, `name`, `email`, `passwordHash`, `createdAt`, `updatedAt` FROM `Users` AS `User` WHERE `User`.`email` = 'Reynold_Heidenreich@gmail.com' LIMIT 1;" 
2020-07-06T02:31:35.081Z INFO action: "DELETE FROM `Users`" 
2020-07-06T02:31:35.100Z INFO action: "INSERT INTO `Users` (`id`,`name`,`email`,`passwordHash`,`createdAt`,`updatedAt`) VALUES ($1,$2,$3,$4,$5,$6);" binds: ["cf9b5360-bf30-11ea-b96e-5f22fdda99e1","Ronaldo","meu@email.com","$2a$08$i8Nlm8tLhWFce1DovmKKn.QGbis.sUCxtOIf30Vg2ux1xQjiGA8Nm","2020-07-06 02:31:35.063 +00:00","2020-07-06 02:31:35.063 +00:00"]
2020-07-06T02:31:35.110Z INFO action: "INSERT INTO `Users` (`id`,`name`,`email`,`passwordHash`,`createdAt`,`updatedAt`) VALUES ($1,$2,$3,$4,$5,$6);" binds: ["cf9ed5d0-bf30-11ea-8497-93545267ba85","Maye Krajcik","Reynold_Heidenreich@gmail.com","$2a$08$7KCkp6vgKiTw.097KIY3eObJSHnyiprsTtiNnFZVe2fFVtXWs8rVC","2020-07-06 02:31:35.085 +00:00","2020-07-06 02:31:35.085 +00:00"]
2020-07-06T02:31:35.119Z INFO action: "SELECT `id`, `name`, `email`, `passwordHash`, `createdAt`, `updatedAt` FROM `Users` AS `User` WHERE `User`.`email` = 'Reynold_Heidenreich@gmail.com' LIMIT 1;" 
2020-07-06T02:31:35.140Z INFO action: "DELETE FROM `Users`" 
2020-07-06T02:31:35.163Z INFO action: "INSERT INTO `Users` (`id`,`name`,`email`,`passwordHash`,`createdAt`,`updatedAt`) VALUES ($1,$2,$3,$4,$5,$6);" binds: ["cfa7d680-bf30-11ea-8497-93545267ba85","Maye Krajcik","Reynold_Heidenreich@gmail.com","$2a$08$aoh6ue5gDhfgqKQ6ACcwDOacdmY/rqXFGzfc81XBPo6rL6BbxK0ue","2020-07-06 02:31:35.144 +00:00","2020-07-06 02:31:35.144 +00:00"]
2020-07-06T02:31:35.170Z INFO action: "SELECT `id`, `name`, `email`, `passwordHash`, `createdAt`, `updatedAt` FROM `Users` AS `User` WHERE `User`.`email` = 'Reynold_Heidenreich@gmail.com' LIMIT 1;" 
2020-07-06T02:31:35.193Z INFO action: "DELETE FROM `Users`" 
2020-07-06T02:31:35.216Z INFO action: "INSERT INTO `Users` (`id`,`name`,`email`,`passwordHash`,`createdAt`,`updatedAt`) VALUES ($1,$2,$3,$4,$5,$6);" binds: ["cfafecd0-bf30-11ea-8497-93545267ba85","Maye Krajcik","Reynold_Heidenreich@gmail.com","$2a$08$x9BREq0pmVYFapL2Lb8ZsOykUAWgnTc4VqzPwtxeh8r4Hp6QoMDf6","2020-07-06 02:31:35.198 +00:00","2020-07-06 02:31:35.198 +00:00"]
2020-07-06T02:31:35.226Z INFO action: "DELETE FROM `Users`" 
2020-07-06T02:31:35.234Z INFO action: "DELETE FROM `Users`" 
2020-07-06T02:32:15.443Z INFO action: "SELECT 1+1 AS result" 
2020-07-06T02:32:15.445Z INFO action: "SELECT name FROM `sqlite_master` WHERE type='table' and name!='sqlite_sequence';" 
2020-07-06T02:32:15.446Z INFO action: "PRAGMA TABLE_INFO(`SequelizeMeta`);" 
2020-07-06T02:32:15.447Z INFO action: "PRAGMA INDEX_LIST(`SequelizeMeta`)" 
2020-07-06T02:32:15.447Z INFO action: "PRAGMA INDEX_INFO(`sqlite_autoindex_SequelizeMeta_1`)" 
2020-07-06T02:32:15.448Z INFO action: "PRAGMA foreign_key_list(SequelizeMeta)" 
2020-07-06T02:32:15.452Z INFO action: "CREATE TABLE IF NOT EXISTS `SequelizeMeta` (`name` VARCHAR(255) NOT NULL UNIQUE PRIMARY KEY);" 
2020-07-06T02:32:15.453Z INFO action: "PRAGMA INDEX_LIST(`SequelizeMeta`)" 
2020-07-06T02:32:15.453Z INFO action: "PRAGMA INDEX_INFO(`sqlite_autoindex_SequelizeMeta_1`)" 
2020-07-06T02:32:15.456Z INFO action: "SELECT `name` FROM `SequelizeMeta` AS `SequelizeMeta` ORDER BY `SequelizeMeta`.`name` ASC;" 
2020-07-06T02:32:18.615Z INFO action: "DELETE FROM `Users`" 
2020-07-06T02:32:18.674Z INFO action: "INSERT INTO `Users` (`id`,`name`,`email`,`passwordHash`,`createdAt`,`updatedAt`) VALUES ($1,$2,$3,$4,$5,$6);" binds: ["e9934660-bf30-11ea-a36c-6714adbe3d8d","Ronaldo","meu@email.com","$2a$08$16vmX.yPcg2tC1XsS/Qu5OrVhV6MJQvR6lQYeOf7JUbZQis/4ZTUC","2020-07-06 02:32:18.632 +00:00","2020-07-06 02:32:18.632 +00:00"]
2020-07-06T02:32:18.760Z INFO action: "DELETE FROM `Users`" 
2020-07-06T02:32:18.806Z INFO action: "INSERT INTO `Users` (`id`,`name`,`email`,`passwordHash`,`createdAt`,`updatedAt`) VALUES ($1,$2,$3,$4,$5,$6);" binds: ["e9a85500-bf30-11ea-a4eb-41fd75f64ec7","Roberta Brown","Maybelle12@gmail.com","$2a$08$ulaVyX8Hew60ugylG4Gicu0OY2hyi1DLowXlnCDR9M2eiCwdQ5tUG","2020-07-06 02:32:18.770 +00:00","2020-07-06 02:32:18.770 +00:00"]
2020-07-06T02:32:18.827Z INFO action: "DELETE FROM `Users`" 
2020-07-06T02:32:18.836Z INFO action: "SELECT `id`, `name`, `email`, `passwordHash`, `createdAt`, `updatedAt` FROM `Users` AS `User` WHERE `User`.`email` = 'Maybelle12@gmail.com' LIMIT 1;" 
2020-07-06T02:32:18.848Z INFO action: "DELETE FROM `Users`" 
2020-07-06T02:32:18.875Z INFO action: "INSERT INTO `Users` (`id`,`name`,`email`,`passwordHash`,`createdAt`,`updatedAt`) VALUES ($1,$2,$3,$4,$5,$6);" binds: ["e9b52640-bf30-11ea-a4eb-41fd75f64ec7","Roberta Brown","Maybelle12@gmail.com","$2a$08$8QRZGKe.h0MhMbkUzfZ5S.Z3buLVtqvqUbq1O1lA0u97KEzudSrPW","2020-07-06 02:32:18.852 +00:00","2020-07-06 02:32:18.852 +00:00"]
2020-07-06T02:32:18.884Z INFO action: "SELECT `id`, `name`, `email`, `passwordHash`, `createdAt`, `updatedAt` FROM `Users` AS `User` WHERE `User`.`email` = 'Maybelle12@gmail.com' LIMIT 1;" 
2020-07-06T02:32:18.905Z INFO action: "DELETE FROM `Users`" 
2020-07-06T02:32:18.928Z INFO action: "INSERT INTO `Users` (`id`,`name`,`email`,`passwordHash`,`createdAt`,`updatedAt`) VALUES ($1,$2,$3,$4,$5,$6);" binds: ["e9bdd8d0-bf30-11ea-a4eb-41fd75f64ec7","Roberta Brown","Maybelle12@gmail.com","$2a$08$2ZhqgDGO8cXTaV2Ladgtp.YzpQk8f6XVjXDwVwCGaCpbZ4SVaNU2m","2020-07-06 02:32:18.909 +00:00","2020-07-06 02:32:18.909 +00:00"]
2020-07-06T02:32:18.936Z INFO action: "SELECT `id`, `name`, `email`, `passwordHash`, `createdAt`, `updatedAt` FROM `Users` AS `User` WHERE `User`.`email` = 'Maybelle12@gmail.com' LIMIT 1;" 
2020-07-06T02:32:18.959Z INFO action: "DELETE FROM `Users`" 
2020-07-06T02:32:18.981Z INFO action: "INSERT INTO `Users` (`id`,`name`,`email`,`passwordHash`,`createdAt`,`updatedAt`) VALUES ($1,$2,$3,$4,$5,$6);" binds: ["e9c61630-bf30-11ea-a4eb-41fd75f64ec7","Roberta Brown","Maybelle12@gmail.com","$2a$08$bT6T0ZEG3JZS9ELyHocABeoUcogmu59TI29wQQ6ND6LGmPwNK9e.2","2020-07-06 02:32:18.963 +00:00","2020-07-06 02:32:18.963 +00:00"]
2020-07-06T02:32:18.992Z INFO action: "DELETE FROM `Users`" 
2020-07-06T02:32:19.000Z INFO action: "DELETE FROM `Users`" 
